<?xml version="1.0" encoding="UTF-8"?>
<!-- Generated by org.testng.reporters.JUnitReportReporter -->
<testsuite hostname="JAGUAR" failures="0" tests="1" name="TestCases.TC_004_SearchProductTest" time="1.111" errors="0" timestamp="2025-07-22T05:15:06 WAT" skipped="0">
  <testcase classname="TestCases.TC_004_SearchProductTest" name="verify_pruductSearch" time="1.111"/>
</testsuite> <!-- TestCases.TC_004_SearchProductTest -->
