<?xml version="1.0" encoding="UTF-8"?>
<!-- Generated by org.testng.reporters.JUnitReportReporter -->
<testsuite hostname="JAGUAR" failures="0" tests="1" name="TestCases.TC_002_LoginTest" time="7.537" errors="0" timestamp="2025-07-22T05:15:06 WAT" skipped="0">
  <testcase classname="TestCases.TC_002_LoginTest" name="verify_login" time="7.537"/>
</testsuite> <!-- TestCases.TC_002_LoginTest -->
