<?xml version="1.0" encoding="UTF-8"?>
<!-- Generated by org.testng.reporters.JUnitReportReporter -->
<testsuite hostname="JAGUAR" failures="0" tests="1" name="TestCases.TC_001_AccountRegistrationTest" time="14.946" errors="0" timestamp="2025-07-22T05:15:06 WAT" skipped="0">
  <testcase classname="TestCases.TC_001_AccountRegistrationTest" name="verify_account_registration" time="14.946"/>
</testsuite> <!-- TestCases.TC_001_AccountRegistrationTest -->
