<?xml version="1.0" encoding="UTF-8"?>
<!-- Generated by org.testng.reporters.JUnitReportReporter -->
<testsuite hostname="JAGUAR" failures="0" tests="1" name="TestCases.TC_002_LoginTest" time="2.115" errors="0" timestamp="2025-07-22T03:48:07 WAT" skipped="0">
  <testcase classname="TestCases.TC_002_LoginTest" name="verify_login" time="2.115"/>
</testsuite> <!-- TestCases.TC_002_LoginTest -->
