<?xml version="1.0" encoding="UTF-8"?>
<!-- Generated by org.testng.reporters.JUnitReportReporter -->
<testsuite hostname="JAGUAR" failures="0" tests="1" name="TestCases.TC_001_AccountRegistrationTest" time="7.719" errors="0" timestamp="2025-07-22T03:48:07 WAT" skipped="0">
  <testcase classname="TestCases.TC_001_AccountRegistrationTest" name="verify_account_registration" time="7.719"/>
</testsuite> <!-- TestCases.TC_001_AccountRegistrationTest -->
